{
  "RSpec": {
    "coverage": {
      "/home/scz/repos/play/rails/view-component-rspec/app/helpers/application_helper.rb": {
        "lines": [
          1,
          null
        ]
      },
      "/home/scz/repos/play/rails/view-component-rspec/app/models/team.rb": {
        "lines": [
          1,
          1,
          null,
          1,
          null
        ]
      },
      "/home/scz/repos/play/rails/view-component-rspec/app/models/application_record.rb": {
        "lines": [
          1,
          1,
          null
        ]
      },
      "/home/scz/repos/play/rails/view-component-rspec/app/controllers/teams_controller.rb": {
        "lines": [
          1,
          1,
          null,
          1,
          0,
          null,
          null,
          1,
          null,
          null,
          1,
          0,
          null,
          null,
          1,
          0,
          0,
          0,
          null,
          0,
          null,
          null,
          null,
          1,
          null,
          null,
          1,
          0,
          0,
          null,
          0,
          null,
          null,
          null,
          1,
          0,
          0,
          0,
          null,
          null,
          1,
          null,
          1,
          0,
          null,
          null,
          1,
          2,
          null,
          null
        ]
      },
      "/home/scz/repos/play/rails/view-component-rspec/app/controllers/application_controller.rb": {
        "lines": [
          1,
          null
        ]
      },
      "/home/scz/repos/play/rails/view-component-rspec/app/models/athlete.rb": {
        "lines": [
          1,
          1,
          null,
          1,
          1,
          1,
          null
        ]
      },
      "/home/scz/repos/play/rails/view-component-rspec/app/channels/application_cable/channel.rb": {
        "lines": [
          0,
          0,
          0,
          0
        ],
        "branches": {
        }
      },
      "/home/scz/repos/play/rails/view-component-rspec/app/channels/application_cable/connection.rb": {
        "lines": [
          0,
          0,
          0,
          0
        ],
        "branches": {
        }
      },
      "/home/scz/repos/play/rails/view-component-rspec/app/controllers/athletes_controller.rb": {
        "lines": [
          0,
          0,
          0,
          null,
          0,
          0,
          null,
          0,
          0,
          0,
          null,
          0,
          0,
          0,
          0,
          0,
          null,
          0,
          0,
          null,
          0,
          0,
          0,
          0,
          0,
          0,
          0,
          null,
          null,
          0,
          null,
          0,
          0,
          0,
          0,
          null,
          0,
          0,
          0,
          null,
          0,
          0,
          0,
          0
        ],
        "branches": {
        }
      },
      "/home/scz/repos/play/rails/view-component-rspec/app/jobs/application_job.rb": {
        "lines": [
          0,
          null,
          null,
          null,
          null,
          null,
          0
        ],
        "branches": {
        }
      },
      "/home/scz/repos/play/rails/view-component-rspec/app/mailers/application_mailer.rb": {
        "lines": [
          0,
          0,
          0,
          0
        ],
        "branches": {
        }
      }
    },
    "timestamp": 1644552828
  }
}
